# JRE version: Java(TM) SE Runtime Environment (8.0_241-b07) (build 1.8.0_241-b07)
# Java VM: Java HotSpot(TM) 64-Bit Server VM (25.241-b07 mixed mode windows-amd64 compressed oops)
Heap:
 PSYoungGen      total 116736K, used 43296K [0x000000076ca00000, 0x0000000775b80000, 0x00000007c0000000)
  eden space 112640K, 34% used [0x000000076ca00000,0x000000076f06f550,0x0000000773800000)
  from space 4096K, 96% used [0x0000000775780000,0x0000000775b58af0,0x0000000775b80000)
  to   space 16384K, 0% used [0x0000000773b80000,0x0000000773b80000,0x0000000774b80000)
 ParOldGen       total 94720K, used 12580K [0x00000006c5e00000, 0x00000006cba80000, 0x000000076ca00000)
  object space 94720K, 13% used [0x00000006c5e00000,0x00000006c6a490e0,0x00000006cba80000)
 Metaspace       used 24187K, capacity 24627K, committed 24832K, reserved 1069056K
  class space    used 4171K, capacity 4290K, committed 4352K, reserved 1048576K
GC Heap History (10 events):
Event: 2.163 GC heap before
{Heap before GC invocations=3 (full 0):
 PSYoungGen      total 75264K, used 70199K [0x000000076ca00000, 0x0000000771e00000, 0x00000007c0000000)
  eden space 64512K, 100% used [0x000000076ca00000,0x0000000770900000,0x0000000770900000)
  from space 10752K, 52% used [0x0000000771380000,0x000000077190dd58,0x0000000771e00000)
  to   space 10752K, 0% used [0x0000000770900000,0x0000000770900000,0x0000000771380000)
 ParOldGen       total 172032K, used 24K [0x00000006c5e00000, 0x00000006d0600000, 0x000000076ca00000)
  object space 172032K, 0% used [0x00000006c5e00000,0x00000006c5e06000,0x00000006d0600000)
 Metaspace       used 18223K, capacity 18487K, committed 18688K, reserved 1064960K
  class space    used 3649K, capacity 3732K, committed 3840K, reserved 1048576K
Event: 2.171 GC heap after
Heap after GC invocations=3 (full 0):
 PSYoungGen      total 75264K, used 10722K [0x000000076ca00000, 0x0000000771e00000, 0x00000007c0000000)
  eden space 64512K, 0% used [0x000000076ca00000,0x000000076ca00000,0x0000000770900000)
  from space 10752K, 99% used [0x0000000770900000,0x0000000771378b28,0x0000000771380000)
  to   space 10752K, 0% used [0x0000000771380000,0x0000000771380000,0x0000000771e00000)
 ParOldGen       total 172032K, used 140K [0x00000006c5e00000, 0x00000006d0600000, 0x000000076ca00000)
  object space 172032K, 0% used [0x00000006c5e00000,0x00000006c5e23388,0x00000006d0600000)
 Metaspace       used 18223K, capacity 18487K, committed 18688K, reserved 1064960K
  class space    used 3649K, capacity 3732K, committed 3840K, reserved 1048576K
}
Event: 2.960 GC heap before
{Heap before GC invocations=4 (full 0):
 PSYoungGen      total 75264K, used 75234K [0x000000076ca00000, 0x0000000771e00000, 0x00000007c0000000)
  eden space 64512K, 100% used [0x000000076ca00000,0x0000000770900000,0x0000000770900000)
  from space 10752K, 99% used [0x0000000770900000,0x0000000771378b28,0x0000000771380000)
  to   space 10752K, 0% used [0x0000000771380000,0x0000000771380000,0x0000000771e00000)
 ParOldGen       total 172032K, used 140K [0x00000006c5e00000, 0x00000006d0600000, 0x000000076ca00000)
  object space 172032K, 0% used [0x00000006c5e00000,0x00000006c5e23388,0x00000006d0600000)
 Metaspace       used 20490K, capacity 20787K, committed 20992K, reserved 1067008K
  class space    used 3928K, capacity 4028K, committed 4096K, reserved 1048576K
Event: 2.970 GC heap after
Heap after GC invocations=4 (full 0):
 PSYoungGen      total 75264K, used 10739K [0x000000076ca00000, 0x0000000771e00000, 0x00000007c0000000)
  eden space 64512K, 0% used [0x000000076ca00000,0x000000076ca00000,0x0000000770900000)
  from space 10752K, 99% used [0x0000000771380000,0x0000000771dfcd48,0x0000000771e00000)
  to   space 10752K, 0% used [0x0000000770900000,0x0000000770900000,0x0000000771380000)
 ParOldGen       total 172032K, used 5257K [0x00000006c5e00000, 0x00000006d0600000, 0x000000076ca00000)
  object space 172032K, 3% used [0x00000006c5e00000,0x00000006c63226a0,0x00000006d0600000)
 Metaspace       used 20490K, capacity 20787K, committed 20992K, reserved 1067008K
  class space    used 3928K, capacity 4028K, committed 4096K, reserved 1048576K
}
Event: 3.003 GC heap before
{Heap before GC invocations=5 (full 0):
 PSYoungGen      total 75264K, used 46440K [0x000000076ca00000, 0x0000000771e00000, 0x00000007c0000000)
  eden space 64512K, 55% used [0x000000076ca00000,0x000000076ecdd388,0x0000000770900000)
  from space 10752K, 99% used [0x0000000771380000,0x0000000771dfcd48,0x0000000771e00000)
  to   space 10752K, 0% used [0x0000000770900000,0x0000000770900000,0x0000000771380000)
 ParOldGen       total 172032K, used 5257K [0x00000006c5e00000, 0x00000006d0600000, 0x000000076ca00000)
  object space 172032K, 3% used [0x00000006c5e00000,0x00000006c63226a0,0x00000006d0600000)
 Metaspace       used 20790K, capacity 21043K, committed 21248K, reserved 1067008K
  class space    used 3928K, capacity 4028K, committed 4096K, reserved 1048576K
Event: 3.009 GC heap after
Heap after GC invocations=5 (full 0):
 PSYoungGen      total 75264K, used 8875K [0x000000076ca00000, 0x0000000776700000, 0x00000007c0000000)
  eden space 64512K, 0% used [0x000000076ca00000,0x000000076ca00000,0x0000000770900000)
  from space 10752K, 82% used [0x0000000770900000,0x00000007711aae28,0x0000000771380000)
  to   space 15872K, 0% used [0x0000000775780000,0x0000000775780000,0x0000000776700000)
 ParOldGen       total 172032K, used 5257K [0x00000006c5e00000, 0x00000006d0600000, 0x000000076ca00000)
  object space 172032K, 3% used [0x00000006c5e00000,0x00000006c63226a0,0x00000006d0600000)
 Metaspace       used 20790K, capacity 21043K, committed 21248K, reserved 1067008K
  class space    used 3928K, capacity 4028K, committed 4096K, reserved 1048576K
}
Event: 3.009 GC heap before
{Heap before GC invocations=6 (full 1):
 PSYoungGen      total 75264K, used 8875K [0x000000076ca00000, 0x0000000776700000, 0x00000007c0000000)
  eden space 64512K, 0% used [0x000000076ca00000,0x000000076ca00000,0x0000000770900000)
  from space 10752K, 82% used [0x0000000770900000,0x00000007711aae28,0x0000000771380000)
  to   space 15872K, 0% used [0x0000000775780000,0x0000000775780000,0x0000000776700000)
 ParOldGen       total 172032K, used 5257K [0x00000006c5e00000, 0x00000006d0600000, 0x000000076ca00000)
  object space 172032K, 3% used [0x00000006c5e00000,0x00000006c63226a0,0x00000006d0600000)
 Metaspace       used 20790K, capacity 21043K, committed 21248K, reserved 1067008K
  class space    used 3928K, capacity 4028K, committed 4096K, reserved 1048576K
Event: 3.043 GC heap after
Heap after GC invocations=6 (full 1):
 PSYoungGen      total 75264K, used 0K [0x000000076ca00000, 0x0000000776700000, 0x00000007c0000000)
  eden space 64512K, 0% used [0x000000076ca00000,0x000000076ca00000,0x0000000770900000)
  from space 10752K, 0% used [0x0000000770900000,0x0000000770900000,0x0000000771380000)
  to   space 15872K, 0% used [0x0000000775780000,0x0000000775780000,0x0000000776700000)
 ParOldGen       total 94720K, used 12572K [0x00000006c5e00000, 0x00000006cba80000, 0x000000076ca00000)
  object space 94720K, 13% used [0x00000006c5e00000,0x00000006c6a470e0,0x00000006cba80000)
 Metaspace       used 20790K, capacity 21043K, committed 21248K, reserved 1067008K
  class space    used 3928K, capacity 4028K, committed 4096K, reserved 1048576K
}
Event: 5.587 GC heap before
{Heap before GC invocations=7 (full 1):
 PSYoungGen      total 75264K, used 64512K [0x000000076ca00000, 0x0000000776700000, 0x00000007c0000000)
  eden space 64512K, 100% used [0x000000076ca00000,0x0000000770900000,0x0000000770900000)
  from space 10752K, 0% used [0x0000000770900000,0x0000000770900000,0x0000000771380000)
  to   space 15872K, 0% used [0x0000000775780000,0x0000000775780000,0x0000000776700000)
 ParOldGen       total 94720K, used 12572K [0x00000006c5e00000, 0x00000006cba80000, 0x000000076ca00000)
  object space 94720K, 13% used [0x00000006c5e00000,0x00000006c6a470e0,0x00000006cba80000)
 Metaspace       used 22399K, capacity 22701K, committed 22912K, reserved 1069056K
  class space    used 4063K, capacity 4189K, committed 4224K, reserved 1048576K
Event: 5.591 GC heap after
Heap after GC invocations=7 (full 1):
 PSYoungGen      total 116736K, used 3938K [0x000000076ca00000, 0x0000000775b80000, 0x00000007c0000000)
  eden space 112640K, 0% used [0x000000076ca00000,0x000000076ca00000,0x0000000773800000)
  from space 4096K, 96% used [0x0000000775780000,0x0000000775b58af0,0x0000000775b80000)
  to   space 16384K, 0% used [0x0000000773b80000,0x0000000773b80000,0x0000000774b80000)
 ParOldGen       total 94720K, used 12580K [0x00000006c5e00000, 0x00000006cba80000, 0x000000076ca00000)
  object space 94720K, 13% used [0x00000006c5e00000,0x00000006c6a490e0,0x00000006cba80000)
 Metaspace       used 22399K, capacity 22701K, committed 22912K, reserved 1069056K
  class space    used 4063K, capacity 4189K, committed 4224K, reserved 1048576K
}

